Oct-02 17:53:31.804 [main] DEBUG nextflow.cli.Launcher - $> nextflow run nextflow_script.nf -c nextflow.config -resume
Oct-02 17:53:32.040 [main] DEBUG nextflow.cli.CmdRun - N E X T F L O W  ~  version 24.04.4
Oct-02 17:53:32.082 [main] DEBUG nextflow.plugin.PluginsFacade - Setting up plugin manager > mode=prod; embedded=false; plugins-dir=/home/jovyan/.nextflow/plugins; core-plugins: nf-amazon@2.5.3,nf-azure@1.6.1,nf-cloudcache@0.4.1,nf-codecommit@0.2.1,nf-console@1.1.3,nf-ga4gh@1.3.0,nf-google@1.13.2-patch1,nf-tower@1.9.1,nf-wave@1.4.2-patch1
Oct-02 17:53:32.102 [main] INFO  o.pf4j.DefaultPluginStatusProvider - Enabled plugins: []
Oct-02 17:53:32.104 [main] INFO  o.pf4j.DefaultPluginStatusProvider - Disabled plugins: []
Oct-02 17:53:32.108 [main] INFO  org.pf4j.DefaultPluginManager - PF4J version 3.12.0 in 'deployment' mode
Oct-02 17:53:32.126 [main] INFO  org.pf4j.AbstractPluginManager - No plugins
Oct-02 17:53:32.169 [main] DEBUG nextflow.config.ConfigBuilder - Found config local: /home/jovyan/Workflow-Mg-t-Nextflow-Tutorial-for-Bioinformatics/scripts/nextflow.config
Oct-02 17:53:32.175 [main] DEBUG nextflow.config.ConfigBuilder - User config file: /home/jovyan/Workflow-Mg-t-Nextflow-Tutorial-for-Bioinformatics/scripts/nextflow.config
Oct-02 17:53:32.177 [main] DEBUG nextflow.config.ConfigBuilder - Parsing config file: /home/jovyan/Workflow-Mg-t-Nextflow-Tutorial-for-Bioinformatics/scripts/nextflow.config
Oct-02 17:53:32.178 [main] DEBUG nextflow.config.ConfigBuilder - Parsing config file: /home/jovyan/Workflow-Mg-t-Nextflow-Tutorial-for-Bioinformatics/scripts/nextflow.config
Oct-02 17:53:32.223 [main] DEBUG n.secret.LocalSecretsProvider - Secrets store: /home/jovyan/.nextflow/secrets/store.json
Oct-02 17:53:32.227 [main] DEBUG nextflow.secret.SecretsLoader - Discovered secrets providers: [nextflow.secret.LocalSecretsProvider@57bd2029] - activable => nextflow.secret.LocalSecretsProvider@57bd2029
Oct-02 17:53:32.238 [main] DEBUG nextflow.config.ConfigBuilder - Applying config profile: `standard`
Oct-02 17:53:32.906 [main] DEBUG nextflow.config.ConfigBuilder - Applying config profile: `standard`
Oct-02 17:53:32.977 [main] DEBUG nextflow.cli.CmdRun - Applied DSL=2 by global default
Oct-02 17:53:32.998 [main] DEBUG nextflow.cli.CmdRun - Launching `nextflow_script.nf` [suspicious_mestorf] DSL2 - revision: 549192a045
Oct-02 17:53:33.001 [main] DEBUG nextflow.plugin.PluginsFacade - Plugins default=[]
Oct-02 17:53:33.001 [main] DEBUG nextflow.plugin.PluginsFacade - Plugins resolved requirement=[]
Oct-02 17:53:33.070 [main] DEBUG nextflow.Session - Session UUID: fbf119cc-926e-455b-a72a-0a3260eb5ad9
Oct-02 17:53:33.071 [main] DEBUG nextflow.Session - Run name: suspicious_mestorf
Oct-02 17:53:33.071 [main] DEBUG nextflow.Session - Executor pool size: 3
Oct-02 17:53:33.080 [main] DEBUG nextflow.file.FilePorter - File porter settings maxRetries=3; maxTransfers=50; pollTimeout=null
Oct-02 17:53:33.111 [main] DEBUG nextflow.cli.CmdRun - 
  Version: 24.04.4 build 5917
  Created: 01-08-2024 07:05 UTC 
  System: Linux 5.10.217-205.860.amzn2.x86_64
  Runtime: Groovy 4.0.21 on OpenJDK 64-Bit Server VM 21-internal-adhoc.conda.src
  Encoding: UTF-8 (UTF-8)
  Process: 64079@jupyter-adolfmukama [192.168.29.49]
  CPUs: 3 - Mem: 24 GB (1.9 GB) - Swap: 0 (0) - Virtual threads ON
Oct-02 17:53:33.222 [main] DEBUG nextflow.Session - Work-dir: /home/jovyan/Workflow-Mg-t-Nextflow-Tutorial-for-Bioinformatics/scripts/work [nfs]
Oct-02 17:53:33.223 [main] DEBUG nextflow.Session - Script base path does not exist or is not a directory: /home/jovyan/Workflow-Mg-t-Nextflow-Tutorial-for-Bioinformatics/scripts/bin
Oct-02 17:53:33.236 [main] DEBUG nextflow.executor.ExecutorFactory - Extension executors providers=[]
Oct-02 17:53:33.250 [main] DEBUG nextflow.Session - Observer factory: DefaultObserverFactory
Oct-02 17:53:33.287 [main] DEBUG nextflow.cache.CacheFactory - Using Nextflow cache factory: nextflow.cache.DefaultCacheFactory
Oct-02 17:53:33.297 [main] DEBUG nextflow.util.CustomPoolFactory - Creating virtual thread pool
Oct-02 17:53:33.467 [main] DEBUG nextflow.Session - Session start
Oct-02 17:53:34.012 [main] DEBUG nextflow.script.ScriptRunner - > Launching execution
Oct-02 17:53:34.029 [main] INFO  nextflow.Nextflow - NEXTFLOW - FOR BIOINFORMATICS PIPELINE DEV
===================================


Oct-02 17:53:34.151 [main] DEBUG nextflow.executor.ExecutorFactory - << taskConfig executor: null
Oct-02 17:53:34.152 [main] DEBUG nextflow.executor.ExecutorFactory - >> processorType: 'local'
Oct-02 17:53:34.158 [main] DEBUG nextflow.executor.Executor - [warm up] executor > local
Oct-02 17:53:34.175 [main] DEBUG n.processor.LocalPollingMonitor - Creating local task monitor for executor 'local' > cpus=4; memory=24 GB; capacity=100; pollInterval=100ms; dumpInterval=5m
Oct-02 17:53:34.178 [main] DEBUG n.processor.TaskPollingMonitor - >>> barrier register (monitor: local)
Oct-02 17:53:34.281 [main] DEBUG nextflow.executor.ExecutorFactory - << taskConfig executor: null
Oct-02 17:53:34.282 [main] DEBUG nextflow.executor.ExecutorFactory - >> processorType: 'local'
Oct-02 17:53:34.290 [main] DEBUG nextflow.executor.ExecutorFactory - << taskConfig executor: null
Oct-02 17:53:34.290 [main] DEBUG nextflow.executor.ExecutorFactory - >> processorType: 'local'
Oct-02 17:53:34.297 [main] DEBUG nextflow.executor.ExecutorFactory - << taskConfig executor: null
Oct-02 17:53:34.297 [main] DEBUG nextflow.executor.ExecutorFactory - >> processorType: 'local'
Oct-02 17:53:34.303 [main] DEBUG nextflow.executor.ExecutorFactory - << taskConfig executor: null
Oct-02 17:53:34.303 [main] DEBUG nextflow.executor.ExecutorFactory - >> processorType: 'local'
Oct-02 17:53:34.308 [main] DEBUG nextflow.Session - Workflow process names [dsl2]: FASTQC_01, FASTQC_02, MULTIQC_02, MULTIQC_01, FASTP_A
Oct-02 17:53:34.309 [main] DEBUG nextflow.Session - Igniting dataflow network (5)
Oct-02 17:53:34.310 [main] DEBUG nextflow.processor.TaskProcessor - Starting process > FASTQC_01
Oct-02 17:53:34.312 [main] DEBUG nextflow.processor.TaskProcessor - Starting process > MULTIQC_01
Oct-02 17:53:34.313 [main] DEBUG nextflow.processor.TaskProcessor - Starting process > FASTP_A
Oct-02 17:53:34.315 [main] DEBUG nextflow.processor.TaskProcessor - Starting process > FASTQC_02
Oct-02 17:53:34.315 [main] DEBUG nextflow.processor.TaskProcessor - Starting process > MULTIQC_02
Oct-02 17:53:34.318 [main] DEBUG nextflow.script.ScriptRunner - Parsed script files:
  Script_de7646a22083f561: /home/jovyan/Workflow-Mg-t-Nextflow-Tutorial-for-Bioinformatics/scripts/nextflow_script.nf
Oct-02 17:53:34.318 [main] DEBUG nextflow.script.ScriptRunner - > Awaiting termination 
Oct-02 17:53:34.319 [main] DEBUG nextflow.Session - Session await
Oct-02 17:53:34.679 [Actor Thread 8] INFO  nextflow.processor.TaskProcessor - [8c/ce854f] Cached process > FASTP_A
Oct-02 17:53:34.680 [Actor Thread 9] INFO  nextflow.processor.TaskProcessor - [e8/9da429] Cached process > FASTQC_01
Oct-02 17:53:34.730 [Actor Thread 21] INFO  nextflow.processor.TaskProcessor - [11/321a0e] Cached process > FASTQC_02
Oct-02 17:53:34.749 [Actor Thread 23] INFO  nextflow.processor.TaskProcessor - [9d/4334c2] Cached process > MULTIQC_01
Oct-02 17:53:34.751 [Actor Thread 22] INFO  nextflow.processor.TaskProcessor - [15/b0d570] Cached process > MULTIQC_02
Oct-02 17:53:34.762 [main] DEBUG nextflow.Session - Session await > all processes finished
Oct-02 17:53:34.786 [Task monitor] DEBUG n.processor.TaskPollingMonitor - <<< barrier arrives (monitor: local) - terminating tasks monitor poll loop
Oct-02 17:53:34.786 [main] DEBUG nextflow.Session - Session await > all barriers passed
Oct-02 17:53:34.795 [main] DEBUG n.trace.WorkflowStatsObserver - Workflow completed > WorkflowStats[succeededCount=0; failedCount=0; ignoredCount=0; cachedCount=5; pendingCount=0; submittedCount=0; runningCount=0; retriesCount=0; abortedCount=0; succeedDuration=0ms; failedDuration=0ms; cachedDuration=2m 49s;loadCpus=0; loadMemory=0; peakRunning=0; peakCpus=0; peakMemory=0; ]
Oct-02 17:53:35.033 [main] DEBUG nextflow.cache.CacheDB - Closing CacheDB done
Oct-02 17:53:35.084 [main] DEBUG nextflow.util.ThreadPoolManager - Thread pool 'FileTransfer' shutdown completed (hard=false)
Oct-02 17:53:35.085 [main] DEBUG nextflow.script.ScriptRunner - > Execution complete -- Goodbye
